<?xml version="1.0" encoding="UTF-8" ?>
<testsuite errors="0" failures="0" hostname="DESKTOP-RG131NC" name="p3_ayd1.AdministradorTest" tests="3" time="0.951" timestamp="2019-04-27T04:28:04">
  <properties>
[...]
</properties>
  <testcase classname="p3_ayd1.AdministradorTest" name="test_actualizar_solicitud" time="0.768" />
  <testcase classname="p3_ayd1.AdministradorTest" name="test_actualizar_credito" time="0.038" />
  <testcase classname="p3_ayd1.AdministradorTest" name="verificarCamposDebitar" time="0.0" />
  <system-out><![CDATA[valor de consulta:1
valor de consulta:1
]]></system-out>
  <system-err><![CDATA[]]></system-err>
</testsuite>
